2025-12-09 15:40:54, MOVE, v:1, k:poo@pagamento, mode:PICK
2025-12-09 15:40:58, EXEC, v:1, k:poo@pagamento, mode:LOCK, rate:0, size:20
2025-12-09 15:44:43, MOVE, v:1, k:poo@pagamento, mode:BACK
2025-12-09 15:44:46, MOVE, v:1, k:poo@pagamento, mode:PICK
2025-12-09 15:44:47, EXEC, v:1, k:poo@pagamento, mode:LOCK, rate:0
2025-12-09 15:44:47, MOVE, v:1, k:poo@pagamento, mode:BACK
2025-12-09 15:44:48, MOVE, v:1, k:poo@pagamento, mode:PICK
2025-12-09 16:04:46, MOVE, v:1, k:poo@pagamento, mode:BACK
2025-12-09 16:04:47, MOVE, v:1, k:poo@pagamento, mode:PICK
2025-12-09 16:04:48, EXEC, v:1, k:poo@pagamento, mode:LOCK, rate:0, size:27
2025-12-09 16:04:48, MOVE, v:1, k:poo@pagamento, mode:BACK
2025-12-09 16:04:53, MOVE, v:1, k:poo@pagamento, mode:PICK
2025-12-09 16:10:59, EXEC, v:1, k:poo@pagamento, mode:LOCK, rate:0, size:32
2025-12-09 16:11:00, MOVE, v:1, k:poo@pagamento, mode:BACK
2025-12-09 16:11:08, MOVE, v:1, k:poo@pagamento, mode:PICK
2025-12-09 16:15:21, EXEC, v:1, k:poo@pagamento, mode:LOCK, rate:0, size:40
2025-12-09 16:20:12, EXEC, v:1, k:poo@pagamento, mode:LOCK, rate:0, size:44
2025-12-09 16:29:25, EXEC, v:1, k:poo@pagamento, mode:LOCK, rate:0, size:43
2025-12-09 16:29:26, MOVE, v:1, k:poo@pagamento, mode:BACK
2025-12-09 20:29:51, MOVE, v:1, k:poo@pagamento, mode:PICK
2025-12-09 20:29:53, EXEC, v:1, k:poo@pagamento, mode:LOCK, rate:0, size:40
2025-12-09 20:48:30, EXEC, v:1, k:poo@pagamento, mode:LOCK, rate:0, size:31
2025-12-09 21:14:25, MOVE, v:1, k:poo@pagamento, mode:PICK
2025-12-09 21:18:57, EXEC, v:1, k:poo@pagamento, mode:LOCK, rate:100, size:35
2025-12-09 21:36:59, EXEC, v:1, k:poo@pagamento, mode:LOCK, rate:100, size:62
2025-12-09 21:38:45, EXEC, v:1, k:poo@pagamento, mode:LOCK, rate:0, size:64
2025-12-09 21:39:14, MOVE, v:1, k:poo@pagamento, mode:BACK
2025-12-09 21:39:28, MOVE, v:1, k:poo@pagamento, mode:PICK
2025-12-09 21:39:29, EXEC, v:1, k:poo@pagamento, mode:LOCK, rate:0, size:64
2025-12-09 21:42:45, EXEC, v:1, k:poo@pagamento, mode:LOCK, rate:0, size:64
2025-12-09 21:44:06, EXEC, v:1, k:poo@pagamento, mode:LOCK, rate:0, size:64
2025-12-09 21:47:04, EXEC, v:1, k:poo@pagamento, mode:LOCK, rate:0, size:64
2025-12-09 21:47:59, EXEC, v:1, k:poo@pagamento, mode:LOCK, rate:0, size:66
2025-12-09 21:49:35, EXEC, v:1, k:poo@pagamento, mode:LOCK, rate:0, size:64
2025-12-09 21:49:36, EXEC, v:1, k:poo@pagamento, mode:LOCK, rate:0
2025-12-09 21:50:12, EXEC, v:1, k:poo@pagamento, mode:LOCK, rate:0, size:64
2025-12-09 21:51:02, EXEC, v:1, k:poo@pagamento, mode:LOCK, rate:0, size:64
2025-12-09 21:51:06, EXEC, v:1, k:poo@pagamento, mode:LOCK, rate:0
2025-12-09 21:52:16, EXEC, v:1, k:poo@pagamento, mode:LOCK, rate:0, size:64
2025-12-09 21:53:30, EXEC, v:1, k:poo@pagamento, mode:LOCK, rate:0, size:65
2025-12-09 21:53:30, MOVE, v:1, k:poo@pagamento, mode:BACK
2025-12-09 21:54:20, SELF, v:1, k:poo@pagamento, rate:100, alone:10, study:180
