2025-12-07 11:19:42, MOVE, v:1, k:poo@zoo, mode:PICK
2025-12-07 11:19:44, EXEC, v:1, k:poo@zoo, mode:LOCK, rate:100, size:0
2025-12-07 11:19:45, EXEC, v:1, k:poo@zoo, mode:LOCK, rate:100
2025-12-07 11:19:46, MOVE, v:1, k:poo@zoo, mode:BACK
2025-12-07 11:19:47, MOVE, v:1, k:poo@zoo, mode:PICK
2025-12-07 11:19:47, MOVE, v:1, k:poo@zoo, mode:BACK
2025-12-07 11:19:48, MOVE, v:1, k:poo@pagamento, mode:PICK
2025-12-07 11:19:49, EXEC, v:1, k:poo@pagamento, mode:LOCK, rate:100, size:0
2025-12-07 11:19:50, EXEC, v:1, k:poo@pagamento, mode:LOCK, rate:100
2025-12-07 11:19:50, MOVE, v:1, k:poo@pagamento, mode:BACK
2025-12-07 11:19:51, MOVE, v:1, k:poo@shapes, mode:DOWN
2025-12-07 11:19:57, MOVE, v:1, k:poo@estacionamento, mode:PICK
2025-12-07 11:19:58, EXEC, v:1, k:poo@estacionamento, mode:FULL, rate:0, size:0
2025-12-07 11:19:59, MOVE, v:1, k:poo@estacionamento, mode:BACK
2025-12-07 11:20:00, MOVE, v:1, k:poo@pagamento, mode:PICK
2025-12-07 11:20:01, EXEC, v:1, k:poo@pagamento, mode:LOCK, rate:100
2025-12-07 11:20:02, MOVE, v:1, k:poo@pagamento, mode:BACK
2025-12-07 11:20:03, MOVE, v:1, k:poo@zoo, mode:PICK
2025-12-07 11:20:03, EXEC, v:1, k:poo@zoo, mode:LOCK, rate:100
2025-12-07 11:20:04, EXEC, v:1, k:poo@zoo, mode:LOCK, rate:100
2025-12-07 11:20:04, MOVE, v:1, k:poo@zoo, mode:BACK
2025-12-07 11:21:25, MOVE, v:1, k:poo@zoo, mode:PICK
2025-12-07 11:21:25, EXEC, v:1, k:poo@zoo, mode:LOCK, rate:100
2025-12-07 11:21:26, MOVE, v:1, k:poo@zoo, mode:BACK
2025-12-07 11:21:47, MOVE, v:1, k:poo@zoo, mode:PICK
